[debug] [2024-02-04T11:52:50.217Z] ----------------------------------------------------------------------
[debug] [2024-02-04T11:52:50.226Z] Command:       C:\Program Files\nodejs\node.exe C:\Users\rasti\AppData\Roaming\npm\node_modules\firebase-tools\lib\bin\firebase.js deploy
[debug] [2024-02-04T11:52:50.227Z] CLI Version:   13.0.1
[debug] [2024-02-04T11:52:50.229Z] Platform:      win32
[debug] [2024-02-04T11:52:50.229Z] Node Version:  v18.19.0
[debug] [2024-02-04T11:52:50.235Z] Time:          Sun Feb 04 2024 12:52:50 GMT+0100 (stredoeurópsky štandardný čas)
[debug] [2024-02-04T11:52:50.235Z] ----------------------------------------------------------------------
[debug] 
[debug] [2024-02-04T11:52:50.619Z] > command requires scopes: ["email","openid","https://www.googleapis.com/auth/cloudplatformprojects.readonly","https://www.googleapis.com/auth/firebase","https://www.googleapis.com/auth/cloud-platform"]
[debug] [2024-02-04T11:52:50.621Z] > authorizing via signed-in user (rastislavpacut250@gmail.com)
[debug] [2024-02-04T11:52:50.621Z] [iam] checking project angular-maturity-project for permissions ["datastore.indexes.create","datastore.indexes.delete","datastore.indexes.list","datastore.indexes.update","firebase.projects.get","firebasehosting.sites.update"]
[debug] [2024-02-04T11:52:50.628Z] >>> [apiv2][query] POST https://cloudresourcemanager.googleapis.com/v1/projects/angular-maturity-project:testIamPermissions [none]
[debug] [2024-02-04T11:52:50.629Z] >>> [apiv2][(partial)header] POST https://cloudresourcemanager.googleapis.com/v1/projects/angular-maturity-project:testIamPermissions x-goog-quota-user=projects/angular-maturity-project
[debug] [2024-02-04T11:52:50.630Z] >>> [apiv2][body] POST https://cloudresourcemanager.googleapis.com/v1/projects/angular-maturity-project:testIamPermissions {"permissions":["datastore.indexes.create","datastore.indexes.delete","datastore.indexes.list","datastore.indexes.update","firebase.projects.get","firebasehosting.sites.update"]}
[debug] [2024-02-04T11:52:51.667Z] <<< [apiv2][status] POST https://cloudresourcemanager.googleapis.com/v1/projects/angular-maturity-project:testIamPermissions 200
[debug] [2024-02-04T11:52:51.669Z] <<< [apiv2][body] POST https://cloudresourcemanager.googleapis.com/v1/projects/angular-maturity-project:testIamPermissions {"permissions":["datastore.indexes.create","datastore.indexes.delete","datastore.indexes.list","datastore.indexes.update","firebase.projects.get","firebasehosting.sites.update"]}
[debug] [2024-02-04T11:52:51.677Z] >>> [apiv2][query] GET https://firebase.googleapis.com/v1beta1/projects/angular-maturity-project [none]
[debug] [2024-02-04T11:52:51.986Z] <<< [apiv2][status] GET https://firebase.googleapis.com/v1beta1/projects/angular-maturity-project 200
[debug] [2024-02-04T11:52:51.986Z] <<< [apiv2][body] GET https://firebase.googleapis.com/v1beta1/projects/angular-maturity-project {"projectId":"angular-maturity-project","projectNumber":"550957948835","displayName":"angular-maturity-project","name":"projects/angular-maturity-project","resources":{"hostingSite":"angular-maturity-project"},"state":"ACTIVE","etag":"1_d7e3b013-db5d-45b6-8731-3a001dd6b22e"}
[debug] [2024-02-04T11:54:13.791Z] SyntaxError: Unexpected end of JSON input
    at JSON.parse (<anonymous>)
    at findDependency (C:\Users\rasti\AppData\Roaming\npm\node_modules\firebase-tools\lib\frameworks\utils.js:188:23)
    at discover (C:\Users\rasti\AppData\Roaming\npm\node_modules\firebase-tools\lib\frameworks\vite\index.js:51:54)
    at async C:\Users\rasti\AppData\Roaming\npm\node_modules\firebase-tools\lib\frameworks\vite\index.js:38:55
    at async discover (C:\Users\rasti\AppData\Roaming\npm\node_modules\firebase-tools\lib\frameworks\index.js:46:32)
    at async prepareFrameworks (C:\Users\rasti\AppData\Roaming\npm\node_modules\firebase-tools\lib\frameworks\index.js:188:25)
    at async deploy (C:\Users\rasti\AppData\Roaming\npm\node_modules\firebase-tools\lib\deploy\index.js:55:13)
[error] 
[error] Error: An unexpected error has occurred.
[debug] [2024-02-04T11:55:26.545Z] ----------------------------------------------------------------------
[debug] [2024-02-04T11:55:26.554Z] Command:       C:\Program Files\nodejs\node.exe C:\Users\rasti\AppData\Roaming\npm\node_modules\firebase-tools\lib\bin\firebase.js init
[debug] [2024-02-04T11:55:26.555Z] CLI Version:   13.0.1
[debug] [2024-02-04T11:55:26.556Z] Platform:      win32
[debug] [2024-02-04T11:55:26.557Z] Node Version:  v18.19.0
[debug] [2024-02-04T11:55:26.561Z] Time:          Sun Feb 04 2024 12:55:26 GMT+0100 (stredoeurópsky štandardný čas)
[debug] [2024-02-04T11:55:26.562Z] ----------------------------------------------------------------------
[debug] 
[debug] [2024-02-04T11:55:26.830Z] > command requires scopes: ["email","openid","https://www.googleapis.com/auth/cloudplatformprojects.readonly","https://www.googleapis.com/auth/firebase","https://www.googleapis.com/auth/cloud-platform"]
[debug] [2024-02-04T11:55:26.831Z] > authorizing via signed-in user (rastislavpacut250@gmail.com)
[info] 
     ######## #### ########  ######## ########     ###     ######  ########
     ##        ##  ##     ## ##       ##     ##  ##   ##  ##       ##
     ######    ##  ########  ######   ########  #########  ######  ######
     ##        ##  ##    ##  ##       ##     ## ##     ##       ## ##
     ##       #### ##     ## ######## ########  ##     ##  ######  ########

You're about to initialize a Firebase project in this directory:

  C:\Users\rasti\Desktop\schoolProjectWeb\project\angular-school-project

Before we get started, keep in mind:

  * You are initializing within an existing Firebase project directory

[info] 
=== Project Setup
[info] 
[info] First, let's associate this project directory with a Firebase project.
[info] You can create multiple project aliases by running firebase use --add, 
[info] but for now we'll just set up a default project.
[info] 
[debug] [2024-02-04T11:55:30.663Z] Using project from CLI flag: angular-maturity-project
[debug] [2024-02-04T11:55:30.680Z] >>> [apiv2][query] GET https://firebase.googleapis.com/v1beta1/projects/angular-maturity-project [none]
[debug] [2024-02-04T11:55:31.238Z] <<< [apiv2][status] GET https://firebase.googleapis.com/v1beta1/projects/angular-maturity-project 200
[debug] [2024-02-04T11:55:31.238Z] <<< [apiv2][body] GET https://firebase.googleapis.com/v1beta1/projects/angular-maturity-project {"projectId":"angular-maturity-project","projectNumber":"550957948835","displayName":"angular-maturity-project","name":"projects/angular-maturity-project","resources":{"hostingSite":"angular-maturity-project"},"state":"ACTIVE","etag":"1_d7e3b013-db5d-45b6-8731-3a001dd6b22e"}
[info] i  Using project angular-maturity-project (angular-maturity-project) 
[info] 
=== Hosting Setup
[debug] [2024-02-04T11:55:31.263Z] >>> [apiv2][query] GET https://firebase.googleapis.com/v1beta1/projects/angular-maturity-project [none]
[debug] [2024-02-04T11:55:31.562Z] <<< [apiv2][status] GET https://firebase.googleapis.com/v1beta1/projects/angular-maturity-project 200
[debug] [2024-02-04T11:55:31.563Z] <<< [apiv2][body] GET https://firebase.googleapis.com/v1beta1/projects/angular-maturity-project {"projectId":"angular-maturity-project","projectNumber":"550957948835","displayName":"angular-maturity-project","name":"projects/angular-maturity-project","resources":{"hostingSite":"angular-maturity-project"},"state":"ACTIVE","etag":"1_d7e3b013-db5d-45b6-8731-3a001dd6b22e"}
[debug] [2024-02-04T11:56:34.164Z] SyntaxError: Unexpected end of JSON input
    at JSON.parse (<anonymous>)
    at findDependency (C:\Users\rasti\AppData\Roaming\npm\node_modules\firebase-tools\lib\frameworks\utils.js:188:23)
    at discover (C:\Users\rasti\AppData\Roaming\npm\node_modules\firebase-tools\lib\frameworks\vite\index.js:51:54)
    at async C:\Users\rasti\AppData\Roaming\npm\node_modules\firebase-tools\lib\frameworks\vite\index.js:38:55
    at async discover (C:\Users\rasti\AppData\Roaming\npm\node_modules\firebase-tools\lib\frameworks\index.js:46:32)
    at async doSetup (C:\Users\rasti\AppData\Roaming\npm\node_modules\firebase-tools\lib\init\features\hosting\index.js:54:11)
    at async init (C:\Users\rasti\AppData\Roaming\npm\node_modules\firebase-tools\lib\init\index.js:41:9)
[error] 
[error] Error: An unexpected error has occurred.
[debug] [2024-02-04T12:00:49.043Z] ----------------------------------------------------------------------
[debug] [2024-02-04T12:00:49.054Z] Command:       C:\Program Files\nodejs\node.exe C:\Users\rasti\AppData\Roaming\npm\node_modules\firebase-tools\lib\bin\firebase.js init
[debug] [2024-02-04T12:00:49.055Z] CLI Version:   13.0.1
[debug] [2024-02-04T12:00:49.057Z] Platform:      win32
[debug] [2024-02-04T12:00:49.058Z] Node Version:  v18.19.0
[debug] [2024-02-04T12:00:49.063Z] Time:          Sun Feb 04 2024 13:00:49 GMT+0100 (stredoeurópsky štandardný čas)
[debug] [2024-02-04T12:00:49.064Z] ----------------------------------------------------------------------
[debug] 
[debug] [2024-02-04T12:00:49.255Z] > command requires scopes: ["email","openid","https://www.googleapis.com/auth/cloudplatformprojects.readonly","https://www.googleapis.com/auth/firebase","https://www.googleapis.com/auth/cloud-platform"]
[debug] [2024-02-04T12:00:49.258Z] > authorizing via signed-in user (rastislavpacut250@gmail.com)
[info] 
     ######## #### ########  ######## ########     ###     ######  ########
     ##        ##  ##     ## ##       ##     ##  ##   ##  ##       ##
     ######    ##  ########  ######   ########  #########  ######  ######
     ##        ##  ##    ##  ##       ##     ## ##     ##       ## ##
     ##       #### ##     ## ######## ########  ##     ##  ######  ########

You're about to initialize a Firebase project in this directory:

  C:\Users\rasti\Desktop\schoolProjectWeb\project\angular-school-project

Before we get started, keep in mind:

  * You are initializing within an existing Firebase project directory

[debug] [2024-02-04T12:03:51.723Z] ----------------------------------------------------------------------
[debug] [2024-02-04T12:03:51.731Z] Command:       C:\Program Files\nodejs\node.exe C:\Users\rasti\AppData\Roaming\npm\node_modules\firebase-tools\lib\bin\firebase.js init
[debug] [2024-02-04T12:03:51.732Z] CLI Version:   13.0.1
[debug] [2024-02-04T12:03:51.733Z] Platform:      win32
[debug] [2024-02-04T12:03:51.734Z] Node Version:  v18.19.0
[debug] [2024-02-04T12:03:51.737Z] Time:          Sun Feb 04 2024 13:03:51 GMT+0100 (stredoeurópsky štandardný čas)
[debug] [2024-02-04T12:03:51.738Z] ----------------------------------------------------------------------
[debug] 
[debug] [2024-02-04T12:03:52.001Z] > command requires scopes: ["email","openid","https://www.googleapis.com/auth/cloudplatformprojects.readonly","https://www.googleapis.com/auth/firebase","https://www.googleapis.com/auth/cloud-platform"]
[debug] [2024-02-04T12:03:52.003Z] > authorizing via signed-in user (rastislavpacut250@gmail.com)
[info] 
     ######## #### ########  ######## ########     ###     ######  ########
     ##        ##  ##     ## ##       ##     ##  ##   ##  ##       ##
     ######    ##  ########  ######   ########  #########  ######  ######
     ##        ##  ##    ##  ##       ##     ## ##     ##       ## ##
     ##       #### ##     ## ######## ########  ##     ##  ######  ########

You're about to initialize a Firebase project in this directory:

  C:\Users\rasti\Desktop\schoolProjectWeb\project\angular-school-project

Before we get started, keep in mind:

  * You are initializing within an existing Firebase project directory

[info] 
=== Project Setup
[info] 
[info] First, let's associate this project directory with a Firebase project.
[info] You can create multiple project aliases by running firebase use --add, 
[info] but for now we'll just set up a default project.
[info] 
[debug] [2024-02-04T12:03:56.330Z] Using project from CLI flag: angular-maturity-project
[debug] [2024-02-04T12:03:56.338Z] >>> [apiv2][query] GET https://firebase.googleapis.com/v1beta1/projects/angular-maturity-project [none]
[debug] [2024-02-04T12:03:56.856Z] <<< [apiv2][status] GET https://firebase.googleapis.com/v1beta1/projects/angular-maturity-project 200
[debug] [2024-02-04T12:03:56.857Z] <<< [apiv2][body] GET https://firebase.googleapis.com/v1beta1/projects/angular-maturity-project {"projectId":"angular-maturity-project","projectNumber":"550957948835","displayName":"angular-maturity-project","name":"projects/angular-maturity-project","resources":{"hostingSite":"angular-maturity-project"},"state":"ACTIVE","etag":"1_d7e3b013-db5d-45b6-8731-3a001dd6b22e"}
[info] i  Using project angular-maturity-project (angular-maturity-project) 
[info] 
=== Hosting Setup
[debug] [2024-02-04T12:03:56.874Z] >>> [apiv2][query] GET https://firebase.googleapis.com/v1beta1/projects/angular-maturity-project [none]
[debug] [2024-02-04T12:03:57.222Z] <<< [apiv2][status] GET https://firebase.googleapis.com/v1beta1/projects/angular-maturity-project 200
[debug] [2024-02-04T12:03:57.223Z] <<< [apiv2][body] GET https://firebase.googleapis.com/v1beta1/projects/angular-maturity-project {"projectId":"angular-maturity-project","projectNumber":"550957948835","displayName":"angular-maturity-project","name":"projects/angular-maturity-project","resources":{"hostingSite":"angular-maturity-project"},"state":"ACTIVE","etag":"1_d7e3b013-db5d-45b6-8731-3a001dd6b22e"}
[debug] [2024-02-04T12:05:11.065Z] SyntaxError: Unexpected end of JSON input
    at JSON.parse (<anonymous>)
    at findDependency (C:\Users\rasti\AppData\Roaming\npm\node_modules\firebase-tools\lib\frameworks\utils.js:188:23)
    at discover (C:\Users\rasti\AppData\Roaming\npm\node_modules\firebase-tools\lib\frameworks\vite\index.js:51:54)
    at async C:\Users\rasti\AppData\Roaming\npm\node_modules\firebase-tools\lib\frameworks\vite\index.js:38:55
    at async discover (C:\Users\rasti\AppData\Roaming\npm\node_modules\firebase-tools\lib\frameworks\index.js:46:32)
    at async doSetup (C:\Users\rasti\AppData\Roaming\npm\node_modules\firebase-tools\lib\init\features\hosting\index.js:54:11)
    at async init (C:\Users\rasti\AppData\Roaming\npm\node_modules\firebase-tools\lib\init\index.js:41:9)
[error] 
[error] Error: An unexpected error has occurred.
[debug] [2024-02-04T17:26:46.394Z] ----------------------------------------------------------------------
[debug] [2024-02-04T17:26:46.405Z] Command:       C:\Program Files\nodejs\node.exe C:\Users\rasti\AppData\Roaming\npm\node_modules\firebase-tools\lib\bin\firebase.js deploy
[debug] [2024-02-04T17:26:46.408Z] CLI Version:   13.1.0
[debug] [2024-02-04T17:26:46.410Z] Platform:      win32
[debug] [2024-02-04T17:26:46.410Z] Node Version:  v18.19.0
[debug] [2024-02-04T17:26:46.424Z] Time:          Sun Feb 04 2024 18:26:46 GMT+0100 (stredoeurópsky štandardný čas)
[debug] [2024-02-04T17:26:46.425Z] ----------------------------------------------------------------------
[debug] 
[debug] [2024-02-04T17:26:46.870Z] > command requires scopes: ["email","openid","https://www.googleapis.com/auth/cloudplatformprojects.readonly","https://www.googleapis.com/auth/firebase","https://www.googleapis.com/auth/cloud-platform"]
[debug] [2024-02-04T17:26:46.873Z] > authorizing via signed-in user (rastislavpacut250@gmail.com)
[debug] [2024-02-04T17:26:46.874Z] [iam] checking project angular-maturity-project for permissions ["datastore.indexes.create","datastore.indexes.delete","datastore.indexes.list","datastore.indexes.update","firebase.projects.get","firebasehosting.sites.update"]
[debug] [2024-02-04T17:26:46.880Z] > refreshing access token with scopes: []
[debug] [2024-02-04T17:26:46.886Z] >>> [apiv2][query] POST https://www.googleapis.com/oauth2/v3/token [none]
[debug] [2024-02-04T17:26:46.887Z] >>> [apiv2][body] POST https://www.googleapis.com/oauth2/v3/token [omitted]
[debug] [2024-02-04T17:26:47.490Z] <<< [apiv2][status] POST https://www.googleapis.com/oauth2/v3/token 200
[debug] [2024-02-04T17:26:47.491Z] <<< [apiv2][body] POST https://www.googleapis.com/oauth2/v3/token [omitted]
[debug] [2024-02-04T17:26:47.528Z] >>> [apiv2][query] POST https://cloudresourcemanager.googleapis.com/v1/projects/angular-maturity-project:testIamPermissions [none]
[debug] [2024-02-04T17:26:47.528Z] >>> [apiv2][(partial)header] POST https://cloudresourcemanager.googleapis.com/v1/projects/angular-maturity-project:testIamPermissions x-goog-quota-user=projects/angular-maturity-project
[debug] [2024-02-04T17:26:47.530Z] >>> [apiv2][body] POST https://cloudresourcemanager.googleapis.com/v1/projects/angular-maturity-project:testIamPermissions {"permissions":["datastore.indexes.create","datastore.indexes.delete","datastore.indexes.list","datastore.indexes.update","firebase.projects.get","firebasehosting.sites.update"]}
[debug] [2024-02-04T17:26:48.396Z] <<< [apiv2][status] POST https://cloudresourcemanager.googleapis.com/v1/projects/angular-maturity-project:testIamPermissions 200
[debug] [2024-02-04T17:26:48.397Z] <<< [apiv2][body] POST https://cloudresourcemanager.googleapis.com/v1/projects/angular-maturity-project:testIamPermissions {"permissions":["datastore.indexes.create","datastore.indexes.delete","datastore.indexes.list","datastore.indexes.update","firebase.projects.get","firebasehosting.sites.update"]}
[debug] [2024-02-04T17:26:48.406Z] >>> [apiv2][query] GET https://firebase.googleapis.com/v1beta1/projects/angular-maturity-project [none]
[debug] [2024-02-04T17:26:48.760Z] <<< [apiv2][status] GET https://firebase.googleapis.com/v1beta1/projects/angular-maturity-project 200
[debug] [2024-02-04T17:26:48.760Z] <<< [apiv2][body] GET https://firebase.googleapis.com/v1beta1/projects/angular-maturity-project {"projectId":"angular-maturity-project","projectNumber":"550957948835","displayName":"angular-maturity-project","name":"projects/angular-maturity-project","resources":{"hostingSite":"angular-maturity-project"},"state":"ACTIVE","etag":"1_d7e3b013-db5d-45b6-8731-3a001dd6b22e"}
[debug] [2024-02-04T17:27:07.732Z] >>> [apiv2][query] GET https://firebasehosting.googleapis.com/v1beta1/projects/angular-maturity-project/sites pageToken=&pageSize=10
[debug] [2024-02-04T17:27:08.880Z] <<< [apiv2][status] GET https://firebasehosting.googleapis.com/v1beta1/projects/angular-maturity-project/sites 200
[debug] [2024-02-04T17:27:08.881Z] <<< [apiv2][body] GET https://firebasehosting.googleapis.com/v1beta1/projects/angular-maturity-project/sites {"sites":[{"name":"projects/angular-maturity-project/sites/angular-maturity-project","defaultUrl":"https://angular-maturity-project.web.app","appId":"1:550957948835:web:cd45b44c8bb54767fb0416","type":"DEFAULT_SITE"}]}
[debug] [2024-02-04T17:27:08.884Z] >>> [apiv2][query] GET https://firebase.googleapis.com/v1beta1/projects/-/webApps/1:550957948835:web:cd45b44c8bb54767fb0416/config [none]
[debug] [2024-02-04T17:27:09.552Z] <<< [apiv2][status] GET https://firebase.googleapis.com/v1beta1/projects/-/webApps/1:550957948835:web:cd45b44c8bb54767fb0416/config 200
[debug] [2024-02-04T17:27:09.553Z] <<< [apiv2][body] GET https://firebase.googleapis.com/v1beta1/projects/-/webApps/1:550957948835:web:cd45b44c8bb54767fb0416/config {"projectId":"angular-maturity-project","appId":"1:550957948835:web:cd45b44c8bb54767fb0416","storageBucket":"angular-maturity-project.appspot.com","apiKey":"AIzaSyApUz4vtu6KEyUH9wjgLB0eaQcDjr6g_nE","authDomain":"angular-maturity-project.firebaseapp.com","messagingSenderId":"550957948835","measurementId":"G-Q3H1X63K6E"}
[debug] [2024-02-04T17:28:27.262Z] SyntaxError: Unexpected end of JSON input
    at JSON.parse (<anonymous>)
    at findDependency (C:\Users\rasti\AppData\Roaming\npm\node_modules\firebase-tools\lib\frameworks\utils.js:188:23)
    at discover (C:\Users\rasti\AppData\Roaming\npm\node_modules\firebase-tools\lib\frameworks\vite\index.js:51:54)
    at async C:\Users\rasti\AppData\Roaming\npm\node_modules\firebase-tools\lib\frameworks\vite\index.js:38:55
    at async discover (C:\Users\rasti\AppData\Roaming\npm\node_modules\firebase-tools\lib\frameworks\index.js:46:32)
    at async prepareFrameworks (C:\Users\rasti\AppData\Roaming\npm\node_modules\firebase-tools\lib\frameworks\index.js:188:25)
    at async deploy (C:\Users\rasti\AppData\Roaming\npm\node_modules\firebase-tools\lib\deploy\index.js:55:13)
[error] 
[error] Error: An unexpected error has occurred.
[debug] [2024-02-04T17:35:56.780Z] ----------------------------------------------------------------------
[debug] [2024-02-04T17:35:56.787Z] Command:       C:\Program Files\nodejs\node.exe C:\Users\rasti\AppData\Roaming\npm\node_modules\firebase-tools\lib\bin\firebase.js deploy
[debug] [2024-02-04T17:35:56.789Z] CLI Version:   13.1.0
[debug] [2024-02-04T17:35:56.790Z] Platform:      win32
[debug] [2024-02-04T17:35:56.790Z] Node Version:  v18.19.0
[debug] [2024-02-04T17:35:56.794Z] Time:          Sun Feb 04 2024 18:35:56 GMT+0100 (stredoeurópsky štandardný čas)
[debug] [2024-02-04T17:35:56.794Z] ----------------------------------------------------------------------
[debug] 
[debug] [2024-02-04T17:35:57.040Z] > command requires scopes: ["email","openid","https://www.googleapis.com/auth/cloudplatformprojects.readonly","https://www.googleapis.com/auth/firebase","https://www.googleapis.com/auth/cloud-platform"]
[debug] [2024-02-04T17:35:57.042Z] > authorizing via signed-in user (rastislavpacut250@gmail.com)
[debug] [2024-02-04T17:35:57.042Z] [iam] checking project angular-maturity-project for permissions ["datastore.indexes.create","datastore.indexes.delete","datastore.indexes.list","datastore.indexes.update","firebase.projects.get","firebasehosting.sites.update"]
[debug] [2024-02-04T17:35:57.051Z] >>> [apiv2][query] POST https://cloudresourcemanager.googleapis.com/v1/projects/angular-maturity-project:testIamPermissions [none]
[debug] [2024-02-04T17:35:57.051Z] >>> [apiv2][(partial)header] POST https://cloudresourcemanager.googleapis.com/v1/projects/angular-maturity-project:testIamPermissions x-goog-quota-user=projects/angular-maturity-project
[debug] [2024-02-04T17:35:57.052Z] >>> [apiv2][body] POST https://cloudresourcemanager.googleapis.com/v1/projects/angular-maturity-project:testIamPermissions {"permissions":["datastore.indexes.create","datastore.indexes.delete","datastore.indexes.list","datastore.indexes.update","firebase.projects.get","firebasehosting.sites.update"]}
[debug] [2024-02-04T17:35:58.073Z] <<< [apiv2][status] POST https://cloudresourcemanager.googleapis.com/v1/projects/angular-maturity-project:testIamPermissions 200
[debug] [2024-02-04T17:35:58.073Z] <<< [apiv2][body] POST https://cloudresourcemanager.googleapis.com/v1/projects/angular-maturity-project:testIamPermissions {"permissions":["datastore.indexes.create","datastore.indexes.delete","datastore.indexes.list","datastore.indexes.update","firebase.projects.get","firebasehosting.sites.update"]}
[debug] [2024-02-04T17:35:58.077Z] >>> [apiv2][query] GET https://firebase.googleapis.com/v1beta1/projects/angular-maturity-project [none]
[debug] [2024-02-04T17:35:58.385Z] <<< [apiv2][status] GET https://firebase.googleapis.com/v1beta1/projects/angular-maturity-project 200
[debug] [2024-02-04T17:35:58.386Z] <<< [apiv2][body] GET https://firebase.googleapis.com/v1beta1/projects/angular-maturity-project {"projectId":"angular-maturity-project","projectNumber":"550957948835","displayName":"angular-maturity-project","name":"projects/angular-maturity-project","resources":{"hostingSite":"angular-maturity-project"},"state":"ACTIVE","etag":"1_d7e3b013-db5d-45b6-8731-3a001dd6b22e"}
[debug] [2024-02-04T17:36:19.294Z] >>> [apiv2][query] GET https://firebasehosting.googleapis.com/v1beta1/projects/angular-maturity-project/sites pageToken=&pageSize=10
[debug] [2024-02-04T17:36:20.699Z] <<< [apiv2][status] GET https://firebasehosting.googleapis.com/v1beta1/projects/angular-maturity-project/sites 200
[debug] [2024-02-04T17:36:20.700Z] <<< [apiv2][body] GET https://firebasehosting.googleapis.com/v1beta1/projects/angular-maturity-project/sites {"sites":[{"name":"projects/angular-maturity-project/sites/angular-maturity-project","defaultUrl":"https://angular-maturity-project.web.app","appId":"1:550957948835:web:cd45b44c8bb54767fb0416","type":"DEFAULT_SITE"}]}
[debug] [2024-02-04T17:36:20.701Z] >>> [apiv2][query] GET https://firebase.googleapis.com/v1beta1/projects/-/webApps/1:550957948835:web:cd45b44c8bb54767fb0416/config [none]
[debug] [2024-02-04T17:36:21.399Z] <<< [apiv2][status] GET https://firebase.googleapis.com/v1beta1/projects/-/webApps/1:550957948835:web:cd45b44c8bb54767fb0416/config 200
[debug] [2024-02-04T17:36:21.399Z] <<< [apiv2][body] GET https://firebase.googleapis.com/v1beta1/projects/-/webApps/1:550957948835:web:cd45b44c8bb54767fb0416/config {"projectId":"angular-maturity-project","appId":"1:550957948835:web:cd45b44c8bb54767fb0416","storageBucket":"angular-maturity-project.appspot.com","apiKey":"AIzaSyApUz4vtu6KEyUH9wjgLB0eaQcDjr6g_nE","authDomain":"angular-maturity-project.firebaseapp.com","messagingSenderId":"550957948835","measurementId":"G-Q3H1X63K6E"}
[debug] [2024-02-04T17:37:29.393Z] SyntaxError: Unexpected end of JSON input
    at JSON.parse (<anonymous>)
    at findDependency (C:\Users\rasti\AppData\Roaming\npm\node_modules\firebase-tools\lib\frameworks\utils.js:188:23)
    at discover (C:\Users\rasti\AppData\Roaming\npm\node_modules\firebase-tools\lib\frameworks\vite\index.js:51:54)
    at async C:\Users\rasti\AppData\Roaming\npm\node_modules\firebase-tools\lib\frameworks\vite\index.js:38:55
    at async discover (C:\Users\rasti\AppData\Roaming\npm\node_modules\firebase-tools\lib\frameworks\index.js:46:32)
    at async prepareFrameworks (C:\Users\rasti\AppData\Roaming\npm\node_modules\firebase-tools\lib\frameworks\index.js:188:25)
    at async deploy (C:\Users\rasti\AppData\Roaming\npm\node_modules\firebase-tools\lib\deploy\index.js:55:13)
[error] 
[error] Error: An unexpected error has occurred.
